<?xml version="1.0" encoding="UTF-8"?>
<testng-results skipped="0" failed="0" total="1" passed="1">
  <reporter-output>
  </reporter-output>
  <suite name="Default suite" duration-ms="7265" started-at="2016-04-30T22:03:58Z" finished-at="2016-04-30T22:04:05Z">
    <groups>
    </groups>
    <test name="Default test" duration-ms="7265" started-at="2016-04-30T22:03:58Z" finished-at="2016-04-30T22:04:05Z">
      <class name="com.sqa.mz.adactin.LoginTest">
        <test-method status="PASS" signature="loadProperties()[pri:0, instance:com.sqa.mz.adactin.LoginTest@27beded]" name="loadProperties" is-config="true" duration-ms="9" started-at="2016-04-30T15:03:58Z" finished-at="2016-04-30T15:03:58Z">
          <reporter-output>
          </reporter-output>
        </test-method> <!-- loadProperties -->
        <test-method status="PASS" signature="setupFirefox()[pri:0, instance:com.sqa.mz.adactin.LoginTest@27beded]" name="setupFirefox" is-config="true" duration-ms="2247" started-at="2016-04-30T15:03:58Z" depends-on-methods="com.sqa.mz.adactin.LoginTest.loadProperties" finished-at="2016-04-30T15:04:00Z">
          <reporter-output>
          </reporter-output>
        </test-method> <!-- setupFirefox -->
        <test-method status="PASS" signature="testCheckOut(java.lang.String, java.lang.String)[pri:0, instance:com.sqa.mz.adactin.LoginTest@27beded]" name="testCheckOut" duration-ms="4992" started-at="2016-04-30T15:04:00Z" data-provider="UserAccountInfo" finished-at="2016-04-30T15:04:05Z">
          <params>
            <param index="0">
              <value>
                <![CDATA[michaeltest]]>
              </value>
            </param>
            <param index="1">
              <value>
                <![CDATA[qqqqqq]]>
              </value>
            </param>
          </params>
          <reporter-output>
          </reporter-output>
        </test-method> <!-- testCheckOut -->
        <test-method status="PASS" signature="tearDown()[pri:0, instance:com.sqa.mz.adactin.LoginTest@27beded]" name="tearDown" is-config="true" duration-ms="1" started-at="2016-04-30T15:04:05Z" finished-at="2016-04-30T15:04:05Z">
          <reporter-output>
          </reporter-output>
        </test-method> <!-- tearDown -->
      </class> <!-- com.sqa.mz.adactin.LoginTest -->
    </test> <!-- Default test -->
  </suite> <!-- Default suite -->
</testng-results>
